[2017-10-28 07:02:09] local.ERROR: PDOException: SQLSTATE[23000]: Integrity constraint violation: 1048 Column 'pic' cannot be null in /opt/htdocs/laravel_cms/vendor/laravel/framework/src/Illuminate/Database/Connection.php:449
Stack trace:
#0 /opt/htdocs/laravel_cms/vendor/laravel/framework/src/Illuminate/Database/Connection.php(449): PDOStatement->execute()
#1 /opt/htdocs/laravel_cms/vendor/laravel/framework/src/Illuminate/Database/Connection.php(640): Illuminate\Database\Connection->Illuminate\Database\{closure}('insert into `ne...', Array)
#2 /opt/htdocs/laravel_cms/vendor/laravel/framework/src/Illuminate/Database/Connection.php(607): Illuminate\Database\Connection->runQueryCallback('insert into `ne...', Array, Object(Closure))
#3 /opt/htdocs/laravel_cms/vendor/laravel/framework/src/Illuminate/Database/Connection.php(450): Illuminate\Database\Connection->run('insert into `ne...', Array, Object(Closure))
#4 /opt/htdocs/laravel_cms/vendor/laravel/framework/src/Illuminate/Database/Connection.php(404): Illuminate\Database\Connection->statement('insert into `ne...', Array)
#5 /opt/htdocs/laravel_cms/vendor/laravel/framework/src/Illuminate/Database/Query/Processors/Processor.php(32): Illuminate\Database\Connection->insert('insert into `ne...', Array)
#6 /opt/htdocs/laravel_cms/vendor/laravel/framework/src/Illuminate/Database/Query/Builder.php(2133): Illuminate\Database\Query\Processors\Processor->processInsertGetId(Object(Illuminate\Database\Query\Builder), 'insert into `ne...', Array, 'id')
#7 /opt/htdocs/laravel_cms/vendor/laravel/framework/src/Illuminate/Database/Eloquent/Builder.php(1251): Illuminate\Database\Query\Builder->insertGetId(Array, 'id')
#8 /opt/htdocs/laravel_cms/vendor/laravel/framework/src/Illuminate/Database/Eloquent/Model.php(688): Illuminate\Database\Eloquent\Builder->__call('insertGetId', Array)
#9 /opt/htdocs/laravel_cms/vendor/laravel/framework/src/Illuminate/Database/Eloquent/Model.php(653): Illuminate\Database\Eloquent\Model->insertAndSetId(Object(Illuminate\Database\Eloquent\Builder), Array)
#10 /opt/htdocs/laravel_cms/vendor/laravel/framework/src/Illuminate/Database/Eloquent/Model.php(522): Illuminate\Database\Eloquent\Model->performInsert(Object(Illuminate\Database\Eloquent\Builder))
#11 /opt/htdocs/laravel_cms/app/Models/Models.php(70): Illuminate\Database\Eloquent\Model->save()
#12 /opt/htdocs/laravel_cms/app/Models/News.php(27): App\Models\Models->add(Array)
#13 /opt/htdocs/laravel_cms/app/Http/Controllers/Manage/NewsController.php(122): App\Models\News->saveNews(0, '\xE6\xB5\x8B\xE8\xAF\x95\xE4\xB8\x80\xE4\xB8\x8B\xE5\x93\x88...', '2001', '\xE6\xB5\x8B\xE8\xAF\x95\xE4\xB8\x80\xE4\xB8\x8B\xE5\x93\x88...', '<p>\xE6\xB5\xB7\xE5\xA4\x96\xE7\xBD\x9110\xE6...', NULL, 0)
#14 [internal function]: App\Http\Controllers\Manage\NewsController->save()
#15 /opt/htdocs/laravel_cms/vendor/laravel/framework/src/Illuminate/Routing/Controller.php(55): call_user_func_array(Array, Array)
#16 /opt/htdocs/laravel_cms/vendor/laravel/framework/src/Illuminate/Routing/ControllerDispatcher.php(44): Illuminate\Routing\Controller->callAction('save', Array)
#17 /opt/htdocs/laravel_cms/vendor/laravel/framework/src/Illuminate/Routing/Route.php(203): Illuminate\Routing\ControllerDispatcher->dispatch(Object(Illuminate\Routing\Route), Object(App\Http\Controllers\Manage\NewsController), 'save')
#18 /opt/htdocs/laravel_cms/vendor/laravel/framework/src/Illuminate/Routing/Route.php(160): Illuminate\Routing\Route->runController()
#19 /opt/htdocs/laravel_cms/vendor/laravel/framework/src/Illuminate/Routing/Router.php(572): Illuminate\Routing\Route->run()
#20 /opt/htdocs/laravel_cms/vendor/laravel/framework/src/Illuminate/Routing/Pipeline.php(30): Illuminate\Routing\Router->Illuminate\Routing\{closure}(Object(Illuminate\Http\Request))
#21 /opt/htdocs/laravel_cms/vendor/laravel/framework/src/Illuminate/Routing/Middleware/SubstituteBindings.php(41): Illuminate\Routing\Pipeline->Illuminate\Routing\{closure}(Object(Illuminate\Http\Request))
#22 /opt/htdocs/laravel_cms/vendor/laravel/framework/src/Illuminate/Pipeline/Pipeline.php(148): Illuminate\Routing\Middleware\SubstituteBindings->handle(Object(Illuminate\Http\Request), Object(Closure))
#23 /opt/htdocs/laravel_cms/vendor/laravel/framework/src/Illuminate/Routing/Pipeline.php(53): Illuminate\Pipeline\Pipeline->Illuminate\Pipeline\{closure}(Object(Illuminate\Http\Request))
#24 /opt/htdocs/laravel_cms/vendor/laravel/framework/src/Illuminate/Foundation/Http/Middleware/VerifyCsrfToken.php(65): Illuminate\Routing\Pipeline->Illuminate\Routing\{closure}(Object(Illuminate\Http\Request))
#25 /opt/htdocs/laravel_cms/vendor/laravel/framework/src/Illuminate/Pipeline/Pipeline.php(148): Illuminate\Foundation\Http\Middleware\VerifyCsrfToken->handle(Object(Illuminate\Http\Request), Object(Closure))
#26 /opt/htdocs/laravel_cms/vendor/laravel/framework/src/Illuminate/Routing/Pipeline.php(53): Illuminate\Pipeline\Pipeline->Illuminate\Pipeline\{closure}(Object(Illuminate\Http\Request))
#27 /opt/htdocs/laravel_cms/vendor/laravel/framework/src/Illuminate/View/Middleware/ShareErrorsFromSession.php(49): Illuminate\Routing\Pipeline->Illuminate\Routing\{closure}(Object(Illuminate\Http\Request))
#28 /opt/htdocs/laravel_cms/vendor/laravel/framework/src/Illuminate/Pipeline/Pipeline.php(148): Illuminate\View\Middleware\ShareErrorsFromSession->handle(Object(Illuminate\Http\Request), Object(Closure))
#29 /opt/htdocs/laravel_cms/vendor/laravel/framework/src/Illuminate/Routing/Pipeline.php(53): Illuminate\Pipeline\Pipeline->Illuminate\Pipeline\{closure}(Object(Illuminate\Http\Request))
#30 /opt/htdocs/laravel_cms/vendor/laravel/framework/src/Illuminate/Session/Middleware/StartSession.php(64): Illuminate\Routing\Pipeline->Illuminate\Routing\{closure}(Object(Illuminate\Http\Request))
#31 /opt/htdocs/laravel_cms/vendor/laravel/framework/src/Illuminate/Pipeline/Pipeline.php(148): Illuminate\Session\Middleware\StartSession->handle(Object(Illuminate\Http\Request), Object(Closure))
#32 /opt/htdocs/laravel_cms/vendor/laravel/framework/src/Illuminate/Routing/Pipeline.php(53): Illuminate\Pipeline\Pipeline->Illuminate\Pipeline\{closure}(Object(Illuminate\Http\Request))
#33 /opt/htdocs/laravel_cms/vendor/laravel/framework/src/Illuminate/Cookie/Middleware/AddQueuedCookiesToResponse.php(37): Illuminate\Routing\Pipeline->Illuminate\Routing\{closure}(Object(Illuminate\Http\Request))
#34 /opt/htdocs/laravel_cms/vendor/laravel/framework/src/Illuminate/Pipeline/Pipeline.php(148): Illuminate\Cookie\Middleware\AddQueuedCookiesToResponse->handle(Object(Illuminate\Http\Request), Object(Closure))
#35 /opt/htdocs/laravel_cms/vendor/laravel/framework/src/Illuminate/Routing/Pipeline.php(53): Illuminate\Pipeline\Pipeline->Illuminate\Pipeline\{closure}(Object(Illuminate\Http\Request))
#36 /opt/htdocs/laravel_cms/vendor/laravel/framework/src/Illuminate/Cookie/Middleware/EncryptCookies.php(59): Illuminate\Routing\Pipeline->Illuminate\Routing\{closure}(Object(Illuminate\Http\Request))
#37 /opt/htdocs/laravel_cms/vendor/laravel/framework/src/Illuminate/Pipeline/Pipeline.php(148): Illuminate\Cookie\Middleware\EncryptCookies->handle(Object(Illuminate\Http\Request), Object(Closure))
#38 /opt/htdocs/laravel_cms/vendor/laravel/framework/src/Illuminate/Routing/Pipeline.php(53): Illuminate\Pipeline\Pipeline->Illuminate\Pipeline\{closure}(Object(Illuminate\Http\Request))
#39 /opt/htdocs/laravel_cms/vendor/laravel/framework/src/Illuminate/Pipeline/Pipeline.php(102): Illuminate\Routing\Pipeline->Illuminate\Routing\{closure}(Object(Illuminate\Http\Request))
#40 /opt/htdocs/laravel_cms/vendor/laravel/framework/src/Illuminate/Routing/Router.php(574): Illuminate\Pipeline\Pipeline->then(Object(Closure))
#41 /opt/htdocs/laravel_cms/vendor/laravel/framework/src/Illuminate/Routing/Router.php(533): Illuminate\Routing\Router->runRouteWithinStack(Object(Illuminate\Routing\Route), Object(Illuminate\Http\Request))
#42 /opt/htdocs/laravel_cms/vendor/laravel/framework/src/Illuminate/Routing/Router.php(511): Illuminate\Routing\Router->dispatchToRoute(Object(Illuminate\Http\Request))
#43 /opt/htdocs/laravel_cms/vendor/laravel/framework/src/Illuminate/Foundation/Http/Kernel.php(176): Illuminate\Routing\Router->dispatch(Object(Illuminate\Http\Request))
#44 /opt/htdocs/laravel_cms/vendor/laravel/framework/src/Illuminate/Routing/Pipeline.php(30): Illuminate\Foundation\Http\Kernel->Illuminate\Foundation\Http\{closure}(Object(Illuminate\Http\Request))
#45 /opt/htdocs/laravel_cms/vendor/laravel/framework/src/Illuminate/Foundation/Http/Middleware/TransformsRequest.php(30): Illuminate\Routing\Pipeline->Illuminate\Routing\{closure}(Object(Illuminate\Http\Request))
#46 /opt/htdocs/laravel_cms/vendor/laravel/framework/src/Illuminate/Pipeline/Pipeline.php(148): Illuminate\Foundation\Http\Middleware\TransformsRequest->handle(Object(Illuminate\Http\Request), Object(Closure))
#47 /opt/htdocs/laravel_cms/vendor/laravel/framework/src/Illuminate/Routing/Pipeline.php(53): Illuminate\Pipeline\Pipeline->Illuminate\Pipeline\{closure}(Object(Illuminate\Http\Request))
#48 /opt/htdocs/laravel_cms/vendor/laravel/framework/src/Illuminate/Foundation/Http/Middleware/TransformsRequest.php(30): Illuminate\Routing\Pipeline->Illuminate\Routing\{closure}(Object(Illuminate\Http\Request))
#49 /opt/htdocs/laravel_cms/vendor/laravel/framework/src/Illuminate/Pipeline/Pipeline.php(148): Illuminate\Foundation\Http\Middleware\TransformsRequest->handle(Object(Illuminate\Http\Request), Object(Closure))
#50 /opt/htdocs/laravel_cms/vendor/laravel/framework/src/Illuminate/Routing/Pipeline.php(53): Illuminate\Pipeline\Pipeline->Illuminate\Pipeline\{closure}(Object(Illuminate\Http\Request))
#51 /opt/htdocs/laravel_cms/vendor/laravel/framework/src/Illuminate/Foundation/Http/Middleware/ValidatePostSize.php(27): Illuminate\Routing\Pipeline->Illuminate\Routing\{closure}(Object(Illuminate\Http\Request))
#52 /opt/htdocs/laravel_cms/vendor/laravel/framework/src/Illuminate/Pipeline/Pipeline.php(148): Illuminate\Foundation\Http\Middleware\ValidatePostSize->handle(Object(Illuminate\Http\Request), Object(Closure))
#53 /opt/htdocs/laravel_cms/vendor/laravel/framework/src/Illuminate/Routing/Pipeline.php(53): Illuminate\Pipeline\Pipeline->Illuminate\Pipeline\{closure}(Object(Illuminate\Http\Request))
#54 /opt/htdocs/laravel_cms/vendor/laravel/framework/src/Illuminate/Foundation/Http/Middleware/CheckForMaintenanceMode.php(46): Illuminate\Routing\Pipeline->Illuminate\Routing\{closure}(Object(Illuminate\Http\Request))
#55 /opt/htdocs/laravel_cms/vendor/laravel/framework/src/Illuminate/Pipeline/Pipeline.php(148): Illuminate\Foundation\Http\Middleware\CheckForMaintenanceMode->handle(Object(Illuminate\Http\Request), Object(Closure))
#56 /opt/htdocs/laravel_cms/vendor/laravel/framework/src/Illuminate/Routing/Pipeline.php(53): Illuminate\Pipeline\Pipeline->Illuminate\Pipeline\{closure}(Object(Illuminate\Http\Request))
#57 /opt/htdocs/laravel_cms/vendor/laravel/framework/src/Illuminate/Pipeline/Pipeline.php(102): Illuminate\Routing\Pipeline->Illuminate\Routing\{closure}(Object(Illuminate\Http\Request))
#58 /opt/htdocs/laravel_cms/vendor/laravel/framework/src/Illuminate/Foundation/Http/Kernel.php(151): Illuminate\Pipeline\Pipeline->then(Object(Closure))
#59 /opt/htdocs/laravel_cms/vendor/laravel/framework/src/Illuminate/Foundation/Http/Kernel.php(116): Illuminate\Foundation\Http\Kernel->sendRequestThroughRouter(Object(Illuminate\Http\Request))
#60 /opt/htdocs/laravel_cms/public/index.php(53): Illuminate\Foundation\Http\Kernel->handle(Object(Illuminate\Http\Request))
#61 {main}

Next Illuminate\Database\QueryException: SQLSTATE[23000]: Integrity constraint violation: 1048 Column 'pic' cannot be null (SQL: insert into `news` (`title`, `cate_id`, `description`, `content`, `pic`, `author`, `addtime`) values (测试一下哈哈, 2001, 测试一下哈哈, <p>海外网10月28日电 尽管美国总统<a href="http://news.sina.cn/news_zt/keyword.d.htmlk=%E7%89%B9%E6%9C%97%E6%99%AE">特朗普</a>10月中旬刚刚发声称希望看到针对俄罗斯干涉<a href="http://news.sina.cn/news_zt/keyword.d.html0k=%E7%BE%8E%E5%9B%BD%E5%A4%A7%E9%80%89">美国大选</a>的调查就此结束，但似乎负责领导这一调查的特别检察官穆勒并未就此罢休。美媒27日报道称，位于华盛顿的一个联邦大陪审团已经对穆勒所提出的首批指控予以了批准。</p><p>据美国有线电视新闻网（CNN）报道，有消息人士透露，就特别检察官穆勒对俄罗斯干预美国选举调查所提出的首批指控，华盛顿特区的一个联邦大陪审团已在27日予以了批准。当天，有人看到协助穆勒调查的一些顶尖律师进入了法庭。</p><p>由于联邦法官的命令，指控的具体内容仍处于封锁状态未能公开。据悉，任何在27日受到指控的人士，最快将于30日被拘捕。目前，特别检察官办公室的发言人拒绝就此予以置评。</p><p>针对自上任以来就始终困扰自己的“通俄门”一事，美国总统特朗普已多次表态予以反对。据海外网早前报道，特朗普在10月16日再次发声，称希望看到针对俄罗斯干涉美国大选的调查就此结束，并表示这件事已经令民众感到“厌烦”了。</p><p>当谈及特别检察官穆勒针对特朗普家族“通俄门”以及俄罗斯涉嫌干预美国大选的调查时，特朗普在白宫玫瑰园回应记者称：“他们应该了结这件事了，我认为就连美国公众都被此事烦的不行。”</p><p>此外，针对调查此事件的穆勒可能会被特朗普解雇一事，这位美国总统也对记者们予以了直接回应：“不，我没有这么想过。”他的这一说法也与在8月时的回应一致。当时，特朗普就曾表示没有考虑过要解雇穆勒，而且也不打算解雇任何人。</p><p>据悉，美国情报机构认为俄罗斯干预美国大选致使特朗普从中获益，但这位现任美国总统一再否认与俄罗斯有任何勾结。</p><p>司法部是在特朗普开除联邦调查局前任局长柯米后，任命穆勒为特别检察官的。穆勒是美国FBI的前局长，他在2017年5月被任命为特别检察官，负责带领调查美国2016年大选中特朗普竞选团队的“通俄”事件。特朗普曾多次宣称此项调查是“政治迫害”。（编译/海外网 张霓）</p>, 1509174128, ?, ?)) in /opt/htdocs/laravel_cms/vendor/laravel/framework/src/Illuminate/Database/Connection.php:647
Stack trace:
#0 /opt/htdocs/laravel_cms/vendor/laravel/framework/src/Illuminate/Database/Connection.php(607): Illuminate\Database\Connection->runQueryCallback('insert into `ne...', Array, Object(Closure))
#1 /opt/htdocs/laravel_cms/vendor/laravel/framework/src/Illuminate/Database/Connection.php(450): Illuminate\Database\Connection->run('insert into `ne...', Array, Object(Closure))
#2 /opt/htdocs/laravel_cms/vendor/laravel/framework/src/Illuminate/Database/Connection.php(404): Illuminate\Database\Connection->statement('insert into `ne...', Array)
#3 /opt/htdocs/laravel_cms/vendor/laravel/framework/src/Illuminate/Database/Query/Processors/Processor.php(32): Illuminate\Database\Connection->insert('insert into `ne...', Array)
#4 /opt/htdocs/laravel_cms/vendor/laravel/framework/src/Illuminate/Database/Query/Builder.php(2133): Illuminate\Database\Query\Processors\Processor->processInsertGetId(Object(Illuminate\Database\Query\Builder), 'insert into `ne...', Array, 'id')
#5 /opt/htdocs/laravel_cms/vendor/laravel/framework/src/Illuminate/Database/Eloquent/Builder.php(1251): Illuminate\Database\Query\Builder->insertGetId(Array, 'id')
#6 /opt/htdocs/laravel_cms/vendor/laravel/framework/src/Illuminate/Database/Eloquent/Model.php(688): Illuminate\Database\Eloquent\Builder->__call('insertGetId', Array)
#7 /opt/htdocs/laravel_cms/vendor/laravel/framework/src/Illuminate/Database/Eloquent/Model.php(653): Illuminate\Database\Eloquent\Model->insertAndSetId(Object(Illuminate\Database\Eloquent\Builder), Array)
#8 /opt/htdocs/laravel_cms/vendor/laravel/framework/src/Illuminate/Database/Eloquent/Model.php(522): Illuminate\Database\Eloquent\Model->performInsert(Object(Illuminate\Database\Eloquent\Builder))
#9 /opt/htdocs/laravel_cms/app/Models/Models.php(70): Illuminate\Database\Eloquent\Model->save()
#10 /opt/htdocs/laravel_cms/app/Models/News.php(27): App\Models\Models->add(Array)
#11 /opt/htdocs/laravel_cms/app/Http/Controllers/Manage/NewsController.php(122): App\Models\News->saveNews(0, '\xE6\xB5\x8B\xE8\xAF\x95\xE4\xB8\x80\xE4\xB8\x8B\xE5\x93\x88...', '2001', '\xE6\xB5\x8B\xE8\xAF\x95\xE4\xB8\x80\xE4\xB8\x8B\xE5\x93\x88...', '<p>\xE6\xB5\xB7\xE5\xA4\x96\xE7\xBD\x9110\xE6...', NULL, 0)
#12 [internal function]: App\Http\Controllers\Manage\NewsController->save()
#13 /opt/htdocs/laravel_cms/vendor/laravel/framework/src/Illuminate/Routing/Controller.php(55): call_user_func_array(Array, Array)
#14 /opt/htdocs/laravel_cms/vendor/laravel/framework/src/Illuminate/Routing/ControllerDispatcher.php(44): Illuminate\Routing\Controller->callAction('save', Array)
#15 /opt/htdocs/laravel_cms/vendor/laravel/framework/src/Illuminate/Routing/Route.php(203): Illuminate\Routing\ControllerDispatcher->dispatch(Object(Illuminate\Routing\Route), Object(App\Http\Controllers\Manage\NewsController), 'save')
#16 /opt/htdocs/laravel_cms/vendor/laravel/framework/src/Illuminate/Routing/Route.php(160): Illuminate\Routing\Route->runController()
#17 /opt/htdocs/laravel_cms/vendor/laravel/framework/src/Illuminate/Routing/Router.php(572): Illuminate\Routing\Route->run()
#18 /opt/htdocs/laravel_cms/vendor/laravel/framework/src/Illuminate/Routing/Pipeline.php(30): Illuminate\Routing\Router->Illuminate\Routing\{closure}(Object(Illuminate\Http\Request))
#19 /opt/htdocs/laravel_cms/vendor/laravel/framework/src/Illuminate/Routing/Middleware/SubstituteBindings.php(41): Illuminate\Routing\Pipeline->Illuminate\Routing\{closure}(Object(Illuminate\Http\Request))
#20 /opt/htdocs/laravel_cms/vendor/laravel/framework/src/Illuminate/Pipeline/Pipeline.php(148): Illuminate\Routing\Middleware\SubstituteBindings->handle(Object(Illuminate\Http\Request), Object(Closure))
#21 /opt/htdocs/laravel_cms/vendor/laravel/framework/src/Illuminate/Routing/Pipeline.php(53): Illuminate\Pipeline\Pipeline->Illuminate\Pipeline\{closure}(Object(Illuminate\Http\Request))
#22 /opt/htdocs/laravel_cms/vendor/laravel/framework/src/Illuminate/Foundation/Http/Middleware/VerifyCsrfToken.php(65): Illuminate\Routing\Pipeline->Illuminate\Routing\{closure}(Object(Illuminate\Http\Request))
#23 /opt/htdocs/laravel_cms/vendor/laravel/framework/src/Illuminate/Pipeline/Pipeline.php(148): Illuminate\Foundation\Http\Middleware\VerifyCsrfToken->handle(Object(Illuminate\Http\Request), Object(Closure))
#24 /opt/htdocs/laravel_cms/vendor/laravel/framework/src/Illuminate/Routing/Pipeline.php(53): Illuminate\Pipeline\Pipeline->Illuminate\Pipeline\{closure}(Object(Illuminate\Http\Request))
#25 /opt/htdocs/laravel_cms/vendor/laravel/framework/src/Illuminate/View/Middleware/ShareErrorsFromSession.php(49): Illuminate\Routing\Pipeline->Illuminate\Routing\{closure}(Object(Illuminate\Http\Request))
#26 /opt/htdocs/laravel_cms/vendor/laravel/framework/src/Illuminate/Pipeline/Pipeline.php(148): Illuminate\View\Middleware\ShareErrorsFromSession->handle(Object(Illuminate\Http\Request), Object(Closure))
#27 /opt/htdocs/laravel_cms/vendor/laravel/framework/src/Illuminate/Routing/Pipeline.php(53): Illuminate\Pipeline\Pipeline->Illuminate\Pipeline\{closure}(Object(Illuminate\Http\Request))
#28 /opt/htdocs/laravel_cms/vendor/laravel/framework/src/Illuminate/Session/Middleware/StartSession.php(64): Illuminate\Routing\Pipeline->Illuminate\Routing\{closure}(Object(Illuminate\Http\Request))
#29 /opt/htdocs/laravel_cms/vendor/laravel/framework/src/Illuminate/Pipeline/Pipeline.php(148): Illuminate\Session\Middleware\StartSession->handle(Object(Illuminate\Http\Request), Object(Closure))
#30 /opt/htdocs/laravel_cms/vendor/laravel/framework/src/Illuminate/Routing/Pipeline.php(53): Illuminate\Pipeline\Pipeline->Illuminate\Pipeline\{closure}(Object(Illuminate\Http\Request))
#31 /opt/htdocs/laravel_cms/vendor/laravel/framework/src/Illuminate/Cookie/Middleware/AddQueuedCookiesToResponse.php(37): Illuminate\Routing\Pipeline->Illuminate\Routing\{closure}(Object(Illuminate\Http\Request))
#32 /opt/htdocs/laravel_cms/vendor/laravel/framework/src/Illuminate/Pipeline/Pipeline.php(148): Illuminate\Cookie\Middleware\AddQueuedCookiesToResponse->handle(Object(Illuminate\Http\Request), Object(Closure))
#33 /opt/htdocs/laravel_cms/vendor/laravel/framework/src/Illuminate/Routing/Pipeline.php(53): Illuminate\Pipeline\Pipeline->Illuminate\Pipeline\{closure}(Object(Illuminate\Http\Request))
#34 /opt/htdocs/laravel_cms/vendor/laravel/framework/src/Illuminate/Cookie/Middleware/EncryptCookies.php(59): Illuminate\Routing\Pipeline->Illuminate\Routing\{closure}(Object(Illuminate\Http\Request))
#35 /opt/htdocs/laravel_cms/vendor/laravel/framework/src/Illuminate/Pipeline/Pipeline.php(148): Illuminate\Cookie\Middleware\EncryptCookies->handle(Object(Illuminate\Http\Request), Object(Closure))
#36 /opt/htdocs/laravel_cms/vendor/laravel/framework/src/Illuminate/Routing/Pipeline.php(53): Illuminate\Pipeline\Pipeline->Illuminate\Pipeline\{closure}(Object(Illuminate\Http\Request))
#37 /opt/htdocs/laravel_cms/vendor/laravel/framework/src/Illuminate/Pipeline/Pipeline.php(102): Illuminate\Routing\Pipeline->Illuminate\Routing\{closure}(Object(Illuminate\Http\Request))
#38 /opt/htdocs/laravel_cms/vendor/laravel/framework/src/Illuminate/Routing/Router.php(574): Illuminate\Pipeline\Pipeline->then(Object(Closure))
#39 /opt/htdocs/laravel_cms/vendor/laravel/framework/src/Illuminate/Routing/Router.php(533): Illuminate\Routing\Router->runRouteWithinStack(Object(Illuminate\Routing\Route), Object(Illuminate\Http\Request))
#40 /opt/htdocs/laravel_cms/vendor/laravel/framework/src/Illuminate/Routing/Router.php(511): Illuminate\Routing\Router->dispatchToRoute(Object(Illuminate\Http\Request))
#41 /opt/htdocs/laravel_cms/vendor/laravel/framework/src/Illuminate/Foundation/Http/Kernel.php(176): Illuminate\Routing\Router->dispatch(Object(Illuminate\Http\Request))
#42 /opt/htdocs/laravel_cms/vendor/laravel/framework/src/Illuminate/Routing/Pipeline.php(30): Illuminate\Foundation\Http\Kernel->Illuminate\Foundation\Http\{closure}(Object(Illuminate\Http\Request))
#43 /opt/htdocs/laravel_cms/vendor/laravel/framework/src/Illuminate/Foundation/Http/Middleware/TransformsRequest.php(30): Illuminate\Routing\Pipeline->Illuminate\Routing\{closure}(Object(Illuminate\Http\Request))
#44 /opt/htdocs/laravel_cms/vendor/laravel/framework/src/Illuminate/Pipeline/Pipeline.php(148): Illuminate\Foundation\Http\Middleware\TransformsRequest->handle(Object(Illuminate\Http\Request), Object(Closure))
#45 /opt/htdocs/laravel_cms/vendor/laravel/framework/src/Illuminate/Routing/Pipeline.php(53): Illuminate\Pipeline\Pipeline->Illuminate\Pipeline\{closure}(Object(Illuminate\Http\Request))
#46 /opt/htdocs/laravel_cms/vendor/laravel/framework/src/Illuminate/Foundation/Http/Middleware/TransformsRequest.php(30): Illuminate\Routing\Pipeline->Illuminate\Routing\{closure}(Object(Illuminate\Http\Request))
#47 /opt/htdocs/laravel_cms/vendor/laravel/framework/src/Illuminate/Pipeline/Pipeline.php(148): Illuminate\Foundation\Http\Middleware\TransformsRequest->handle(Object(Illuminate\Http\Request), Object(Closure))
#48 /opt/htdocs/laravel_cms/vendor/laravel/framework/src/Illuminate/Routing/Pipeline.php(53): Illuminate\Pipeline\Pipeline->Illuminate\Pipeline\{closure}(Object(Illuminate\Http\Request))
#49 /opt/htdocs/laravel_cms/vendor/laravel/framework/src/Illuminate/Foundation/Http/Middleware/ValidatePostSize.php(27): Illuminate\Routing\Pipeline->Illuminate\Routing\{closure}(Object(Illuminate\Http\Request))
#50 /opt/htdocs/laravel_cms/vendor/laravel/framework/src/Illuminate/Pipeline/Pipeline.php(148): Illuminate\Foundation\Http\Middleware\ValidatePostSize->handle(Object(Illuminate\Http\Request), Object(Closure))
#51 /opt/htdocs/laravel_cms/vendor/laravel/framework/src/Illuminate/Routing/Pipeline.php(53): Illuminate\Pipeline\Pipeline->Illuminate\Pipeline\{closure}(Object(Illuminate\Http\Request))
#52 /opt/htdocs/laravel_cms/vendor/laravel/framework/src/Illuminate/Foundation/Http/Middleware/CheckForMaintenanceMode.php(46): Illuminate\Routing\Pipeline->Illuminate\Routing\{closure}(Object(Illuminate\Http\Request))
#53 /opt/htdocs/laravel_cms/vendor/laravel/framework/src/Illuminate/Pipeline/Pipeline.php(148): Illuminate\Foundation\Http\Middleware\CheckForMaintenanceMode->handle(Object(Illuminate\Http\Request), Object(Closure))
#54 /opt/htdocs/laravel_cms/vendor/laravel/framework/src/Illuminate/Routing/Pipeline.php(53): Illuminate\Pipeline\Pipeline->Illuminate\Pipeline\{closure}(Object(Illuminate\Http\Request))
#55 /opt/htdocs/laravel_cms/vendor/laravel/framework/src/Illuminate/Pipeline/Pipeline.php(102): Illuminate\Routing\Pipeline->Illuminate\Routing\{closure}(Object(Illuminate\Http\Request))
#56 /opt/htdocs/laravel_cms/vendor/laravel/framework/src/Illuminate/Foundation/Http/Kernel.php(151): Illuminate\Pipeline\Pipeline->then(Object(Closure))
#57 /opt/htdocs/laravel_cms/vendor/laravel/framework/src/Illuminate/Foundation/Http/Kernel.php(116): Illuminate\Foundation\Http\Kernel->sendRequestThroughRouter(Object(Illuminate\Http\Request))
#58 /opt/htdocs/laravel_cms/public/index.php(53): Illuminate\Foundation\Http\Kernel->handle(Object(Illuminate\Http\Request))
#59 {main}  
